Flutter crash report.
Please report a bug at https://github.com/flutter/flutter/issues.

## command

flutter run

## exception

HttpException: HttpException: , uri = http://localhost:54875/json

```
```

## flutter doctor

```
[✓] Flutter (Channel stable, 2.2.1, on macOS 11.2.3 20D91 darwin-x64, locale en-CN)
    • Flutter version 2.2.1 at /usr/local/Caskroom/flutter/2.2.1/flutter
    • Framework revision 02c026b03c (11 days ago), 2021-05-27 12:24:44 -0700
    • Engine revision 0fdb562ac8
    • Dart version 2.13.1

[✓] Android toolchain - develop for Android devices (Android SDK version 30.0.3)
    • Android SDK at /Users/sakura/Library/Android/sdk
    • Platform android-30, build-tools 30.0.3
    • Java binary at: /Applications/Android Studio.app/Contents/jre/jdk/Contents/Home/bin/java
    • Java version OpenJDK Runtime Environment (build 1.8.0_242-release-1644-b3-6915495)
    • All Android licenses accepted.

[✓] Xcode - develop for iOS and macOS
    • Xcode at /Applications/Xcode.app/Contents/Developer
    • Xcode 12.5, Build version 12E262
    • CocoaPods version 1.10.0

[✓] Chrome - develop for the web
    • Chrome at /Applications/Google Chrome.app/Contents/MacOS/Google Chrome

[✓] Android Studio (version 4.1)
    • Android Studio at /Applications/Android Studio.app/Contents
    • Flutter plugin can be installed from:
      🔨 https://plugins.jetbrains.com/plugin/9212-flutter
    • Dart plugin can be installed from:
      🔨 https://plugins.jetbrains.com/plugin/6351-dart
    • Java version OpenJDK Runtime Environment (build 1.8.0_242-release-1644-b3-6915495)

[✓] VS Code (version 1.56.2)
    • VS Code at /Applications/Visual Studio Code.app/Contents
    • Flutter extension version 3.23.0

[!] Proxy Configuration
    • HTTP_PROXY is set
    ! NO_PROXY is not set

[✓] Connected device (1 available)
    • Chrome (web) • chrome • web-javascript • Google Chrome 91.0.4472.77

! Doctor found issues in 1 category.
```
